<?xml version="1.0" encoding="UTF-8"?>
<testng-results ignored="0" total="1" passed="1" failed="0" skipped="0">
  <reporter-output>
    <line>
      <![CDATA[Home Page is Displayed]]>
    </line>
  </reporter-output>
  <suite started-at="2023-06-26T08:41:24 IST" name="Default suite" finished-at="2023-06-26T08:41:38 IST" duration-ms="14823">
    <groups>
    </groups>
    <test started-at="2023-06-26T08:41:24 IST" name="Default test" finished-at="2023-06-26T08:41:38 IST" duration-ms="14823">
      <class name="script.ValidLogin">
        <test-method is-config="true" signature="preCondition(java.lang.String,java.lang.String,java.lang.String,java.lang.String)[pri:0, instance:script.ValidLogin@4c371370]" started-at="2023-06-26T08:41:24 IST" name="preCondition" finished-at="2023-06-26T08:41:32 IST" duration-ms="8381" status="PASS">
          <params>
            <param index="0">
              <value>
                <![CDATA[https://demo.actitime.com]]>
              </value>
            </param>
            <param index="1">
              <value>
                <![CDATA[edge]]>
              </value>
            </param>
            <param index="2">
              <value>
                <![CDATA[6]]>
              </value>
            </param>
            <param index="3">
              <value>
                <![CDATA[7]]>
              </value>
            </param>
          </params>
          <reporter-output>
          </reporter-output>
        </test-method> <!-- preCondition -->
        <test-method signature="testValidLogin()[pri:1, instance:script.ValidLogin@4c371370]" started-at="2023-06-26T08:41:32 IST" name="testValidLogin" finished-at="2023-06-26T08:41:38 IST" duration-ms="5870" status="PASS">
          <reporter-output>
            <line>
              <![CDATA[Home Page is Displayed]]>
            </line>
          </reporter-output>
        </test-method> <!-- testValidLogin -->
        <test-method is-config="true" signature="postCondition()[pri:0, instance:script.ValidLogin@4c371370]" started-at="2023-06-26T08:41:38 IST" name="postCondition" finished-at="2023-06-26T08:41:38 IST" duration-ms="524" status="PASS">
          <reporter-output>
          </reporter-output>
        </test-method> <!-- postCondition -->
      </class> <!-- script.ValidLogin -->
    </test> <!-- Default test -->
  </suite> <!-- Default suite -->
</testng-results>
